0 info it worked if it ends with ok
1 verbose cli [ '/usr/bin/nodejs', '/usr/bin/npm', 'stop' ]
2 info using npm@2.14.4
3 info using node@v4.1.2
4 verbose stack Error: missing script: stop
4 verbose stack     at run (/usr/lib/node_modules/npm/lib/run-script.js:142:19)
4 verbose stack     at /usr/lib/node_modules/npm/lib/run-script.js:58:5
4 verbose stack     at /usr/lib/node_modules/npm/node_modules/read-package-json/read-json.js:345:5
4 verbose stack     at checkBinReferences_ (/usr/lib/node_modules/npm/node_modules/read-package-json/read-json.js:309:45)
4 verbose stack     at final (/usr/lib/node_modules/npm/node_modules/read-package-json/read-json.js:343:3)
4 verbose stack     at then (/usr/lib/node_modules/npm/node_modules/read-package-json/read-json.js:113:5)
4 verbose stack     at ReadFileContext.<anonymous> (/usr/lib/node_modules/npm/node_modules/read-package-json/read-json.js:284:20)
4 verbose stack     at ReadFileContext.callback (/usr/lib/node_modules/npm/node_modules/graceful-fs/graceful-fs.js:76:16)
4 verbose stack     at FSReqWrap.readFileAfterOpen [as oncomplete] (fs.js:303:13)
5 verbose cwd /home/pi/Workspace/swe573/src/server
6 error Linux 4.1.7-v7+
7 error argv "/usr/bin/nodejs" "/usr/bin/npm" "stop"
8 error node v4.1.2
9 error npm  v2.14.4
10 error missing script: stop
11 error If you need help, you may report this error at:
11 error     <https://github.com/npm/npm/issues>
12 verbose exit [ 1, true ]
