2015-12-31T18:24:05.574+0200 W -        [initandlisten] Detected unclean shutdown - C:\Users\baris\Desktop\swe573\swe573\mongodb\data\mongod.lock is not empty.
2015-12-31T18:24:05.590+0200 I JOURNAL  [initandlisten] journal dir=C:\Users\baris\Desktop\swe573\swe573\mongodb\data\journal
2015-12-31T18:24:05.590+0200 I COMMAND  [DataFileSync] flushing diag log
2015-12-31T18:24:05.590+0200 I JOURNAL  [initandlisten] recover begin
2015-12-31T18:24:05.591+0200 I JOURNAL  [initandlisten] recover lsn: 0
2015-12-31T18:24:05.591+0200 I JOURNAL  [initandlisten] recover C:\Users\baris\Desktop\swe573\swe573\mongodb\data\journal\j._0
2015-12-31T18:24:05.606+0200 I JOURNAL  [initandlisten] recover cleaning up
2015-12-31T18:24:05.606+0200 I JOURNAL  [initandlisten] removeJournalFiles
2015-12-31T18:24:05.608+0200 I JOURNAL  [initandlisten] recover done
2015-12-31T18:24:05.618+0200 I JOURNAL  [durability] Durability thread started
2015-12-31T18:24:05.619+0200 I JOURNAL  [journal writer] Journal writer thread started
2015-12-31T18:24:05.636+0200 I CONTROL  [initandlisten] MongoDB starting : pid=6984 port=27017 dbpath=C:\Users\baris\Desktop\swe573\swe573\mongodb\data 64-bit host=vaio
2015-12-31T18:24:05.636+0200 I CONTROL  [initandlisten] targetMinOS: Windows 7/Windows Server 2008 R2
2015-12-31T18:24:05.636+0200 I CONTROL  [initandlisten] db version v3.0.7
2015-12-31T18:24:05.636+0200 I CONTROL  [initandlisten] git version: 6ce7cbe8c6b899552dadd907604559806aa2e9bd
2015-12-31T18:24:05.636+0200 I CONTROL  [initandlisten] build info: windows sys.getwindowsversion(major=6, minor=1, build=7601, platform=2, service_pack='Service Pack 1') BOOST_LIB_VERSION=1_49
2015-12-31T18:24:05.636+0200 I CONTROL  [initandlisten] allocator: tcmalloc
2015-12-31T18:24:05.636+0200 I CONTROL  [initandlisten] options: { config: "C:\Users\baris\Desktop\swe573\swe573\mongodb\mongo.config", diaglog: 3, storage: { dbPath: "C:\Users\baris\Desktop\swe573\swe573\mongodb\data" }, systemLog: { destination: "file", path: "C:\Users\baris\Desktop\swe573\swe573\mongodb\log\mongo.log" } }
2015-12-31T18:24:07.360+0200 I NETWORK  [initandlisten] waiting for connections on port 27017
2015-12-31T18:24:07.535+0200 I NETWORK  [initandlisten] connection accepted from 127.0.0.1:60329 #1 (1 connection now open)
2015-12-31T18:24:18.879+0200 I NETWORK  [conn1] end connection 127.0.0.1:60329 (0 connections now open)
2015-12-31T18:24:39.372+0200 I NETWORK  [initandlisten] connection accepted from 127.0.0.1:60362 #2 (1 connection now open)
2015-12-31T18:24:39.437+0200 I NETWORK  [initandlisten] connection accepted from 127.0.0.1:60364 #3 (2 connections now open)
2015-12-31T18:24:58.566+0200 I NETWORK  [initandlisten] connection accepted from 127.0.0.1:60391 #4 (3 connections now open)
2015-12-31T18:24:58.570+0200 I NETWORK  [initandlisten] connection accepted from 127.0.0.1:60392 #5 (4 connections now open)
2015-12-31T18:25:05.597+0200 I COMMAND  [DataFileSync] flushing diag log
2015-12-31T18:26:05.595+0200 I COMMAND  [DataFileSync] flushing diag log
2015-12-31T18:26:34.351+0200 I NETWORK  [initandlisten] connection accepted from 127.0.0.1:60502 #6 (5 connections now open)
2015-12-31T18:26:34.354+0200 I NETWORK  [initandlisten] connection accepted from 127.0.0.1:60503 #7 (6 connections now open)
2015-12-31T18:27:05.605+0200 I COMMAND  [DataFileSync] flushing diag log
2015-12-31T18:27:10.575+0200 I NETWORK  [initandlisten] connection accepted from 127.0.0.1:60541 #8 (7 connections now open)
2015-12-31T18:28:05.601+0200 I COMMAND  [DataFileSync] flushing diag log
2015-12-31T18:28:35.554+0200 I NETWORK  [conn5] end connection 127.0.0.1:60392 (6 connections now open)
2015-12-31T18:28:35.554+0200 I NETWORK  [conn2] end connection 127.0.0.1:60362 (6 connections now open)
2015-12-31T18:28:35.554+0200 I NETWORK  [conn3] end connection 127.0.0.1:60364 (6 connections now open)
2015-12-31T18:28:35.554+0200 I NETWORK  [conn4] end connection 127.0.0.1:60391 (4 connections now open)
2015-12-31T18:28:35.555+0200 I NETWORK  [conn6] end connection 127.0.0.1:60502 (2 connections now open)
2015-12-31T18:28:35.555+0200 I NETWORK  [conn7] end connection 127.0.0.1:60503 (2 connections now open)
2015-12-31T18:28:35.555+0200 I NETWORK  [conn8] end connection 127.0.0.1:60541 (2 connections now open)
2015-12-31T18:29:05.600+0200 I COMMAND  [DataFileSync] flushing diag log
2015-12-31T18:29:16.378+0200 I NETWORK  [initandlisten] connection accepted from 127.0.0.1:60673 #9 (1 connection now open)
2015-12-31T18:30:05.643+0200 I COMMAND  [DataFileSync] flushing diag log
2015-12-31T18:30:42.382+0200 I NETWORK  [conn9] end connection 127.0.0.1:60673 (0 connections now open)
2015-12-31T18:30:55.108+0200 I NETWORK  [initandlisten] connection accepted from 127.0.0.1:60785 #10 (1 connection now open)
2015-12-31T18:31:05.630+0200 I COMMAND  [DataFileSync] flushing diag log
2015-12-31T18:31:11.565+0200 I NETWORK  [conn10] end connection 127.0.0.1:60785 (0 connections now open)
2015-12-31T18:31:27.432+0200 I NETWORK  [initandlisten] connection accepted from 127.0.0.1:60824 #11 (1 connection now open)
2015-12-31T18:31:39.029+0200 I NETWORK  [initandlisten] connection accepted from 127.0.0.1:60836 #12 (2 connections now open)
2015-12-31T18:32:04.425+0200 I NETWORK  [initandlisten] connection accepted from 127.0.0.1:60862 #13 (3 connections now open)
2015-12-31T18:32:04.441+0200 I NETWORK  [initandlisten] connection accepted from 127.0.0.1:60863 #14 (4 connections now open)
2015-12-31T18:32:05.628+0200 I COMMAND  [DataFileSync] flushing diag log
2015-12-31T18:32:16.416+0200 I NETWORK  [initandlisten] connection accepted from 127.0.0.1:60877 #15 (5 connections now open)
2015-12-31T18:32:16.432+0200 I NETWORK  [initandlisten] connection accepted from 127.0.0.1:60878 #16 (6 connections now open)
2015-12-31T18:32:24.025+0200 I NETWORK  [initandlisten] connection accepted from 127.0.0.1:60887 #17 (7 connections now open)
2015-12-31T18:32:24.042+0200 I NETWORK  [initandlisten] connection accepted from 127.0.0.1:60888 #18 (8 connections now open)
2015-12-31T18:32:26.480+0200 I NETWORK  [conn16] end connection 127.0.0.1:60878 (7 connections now open)
2015-12-31T18:32:26.481+0200 I NETWORK  [conn15] end connection 127.0.0.1:60877 (6 connections now open)
2015-12-31T18:32:28.689+0200 I NETWORK  [initandlisten] connection accepted from 127.0.0.1:60894 #19 (7 connections now open)
2015-12-31T18:32:28.708+0200 I NETWORK  [initandlisten] connection accepted from 127.0.0.1:60895 #20 (8 connections now open)
2015-12-31T18:32:30.349+0200 I NETWORK  [conn20] end connection 127.0.0.1:60895 (7 connections now open)
2015-12-31T18:32:30.350+0200 I NETWORK  [conn19] end connection 127.0.0.1:60894 (6 connections now open)
2015-12-31T18:33:05.624+0200 I COMMAND  [DataFileSync] flushing diag log
2015-12-31T18:34:05.621+0200 I COMMAND  [DataFileSync] flushing diag log
2015-12-31T18:35:05.738+0200 I COMMAND  [DataFileSync] flushing diag log
2015-12-31T18:36:05.641+0200 I COMMAND  [DataFileSync] flushing diag log
2015-12-31T18:37:05.640+0200 I COMMAND  [DataFileSync] flushing diag log
2015-12-31T18:38:05.636+0200 I COMMAND  [DataFileSync] flushing diag log
2015-12-31T18:39:05.626+0200 I COMMAND  [DataFileSync] flushing diag log
2015-12-31T18:40:05.642+0200 I COMMAND  [DataFileSync] flushing diag log
2015-12-31T18:41:05.630+0200 I COMMAND  [DataFileSync] flushing diag log
2015-12-31T18:42:05.633+0200 I COMMAND  [DataFileSync] flushing diag log
2015-12-31T18:43:05.634+0200 I COMMAND  [DataFileSync] flushing diag log
2015-12-31T18:44:05.639+0200 I COMMAND  [DataFileSync] flushing diag log
2015-12-31T18:45:05.640+0200 I COMMAND  [DataFileSync] flushing diag log
2015-12-31T18:46:05.635+0200 I COMMAND  [DataFileSync] flushing diag log
2015-12-31T18:47:05.639+0200 I COMMAND  [DataFileSync] flushing diag log
2015-12-31T18:48:05.641+0200 I COMMAND  [DataFileSync] flushing diag log
2015-12-31T18:49:05.644+0200 I COMMAND  [DataFileSync] flushing diag log
2015-12-31T18:50:05.643+0200 I COMMAND  [DataFileSync] flushing diag log
2015-12-31T18:51:05.645+0200 I COMMAND  [DataFileSync] flushing diag log
2015-12-31T18:52:05.645+0200 I COMMAND  [DataFileSync] flushing diag log
2015-12-31T18:53:05.659+0200 I COMMAND  [DataFileSync] flushing diag log
2015-12-31T18:54:05.682+0200 I COMMAND  [DataFileSync] flushing diag log
2015-12-31T18:55:05.669+0200 I COMMAND  [DataFileSync] flushing diag log
2015-12-31T18:56:05.671+0200 I COMMAND  [DataFileSync] flushing diag log
2015-12-31T18:57:05.671+0200 I COMMAND  [DataFileSync] flushing diag log
2015-12-31T18:58:05.673+0200 I COMMAND  [DataFileSync] flushing diag log
2015-12-31T18:59:05.674+0200 I COMMAND  [DataFileSync] flushing diag log
2015-12-31T19:00:05.675+0200 I COMMAND  [DataFileSync] flushing diag log
2015-12-31T19:01:05.676+0200 I COMMAND  [DataFileSync] flushing diag log
2015-12-31T19:02:05.678+0200 I COMMAND  [DataFileSync] flushing diag log
2015-12-31T19:03:05.677+0200 I COMMAND  [DataFileSync] flushing diag log
2015-12-31T19:04:05.679+0200 I COMMAND  [DataFileSync] flushing diag log
2015-12-31T19:05:05.680+0200 I COMMAND  [DataFileSync] flushing diag log
2015-12-31T19:06:05.681+0200 I COMMAND  [DataFileSync] flushing diag log
2015-12-31T19:07:05.684+0200 I COMMAND  [DataFileSync] flushing diag log
2015-12-31T19:08:05.684+0200 I COMMAND  [DataFileSync] flushing diag log
2015-12-31T19:09:05.688+0200 I COMMAND  [DataFileSync] flushing diag log
2015-12-31T19:10:05.686+0200 I COMMAND  [DataFileSync] flushing diag log
2015-12-31T19:11:05.687+0200 I COMMAND  [DataFileSync] flushing diag log
2015-12-31T19:12:05.685+0200 I COMMAND  [DataFileSync] flushing diag log
2015-12-31T19:13:05.689+0200 I COMMAND  [DataFileSync] flushing diag log
2015-12-31T19:14:05.690+0200 I COMMAND  [DataFileSync] flushing diag log
2015-12-31T19:15:05.691+0200 I COMMAND  [DataFileSync] flushing diag log
2015-12-31T19:16:05.692+0200 I COMMAND  [DataFileSync] flushing diag log
2015-12-31T19:17:05.693+0200 I COMMAND  [DataFileSync] flushing diag log
2015-12-31T19:18:05.694+0200 I COMMAND  [DataFileSync] flushing diag log
2015-12-31T19:19:05.695+0200 I COMMAND  [DataFileSync] flushing diag log
2015-12-31T19:20:05.696+0200 I COMMAND  [DataFileSync] flushing diag log
2015-12-31T19:21:05.698+0200 I COMMAND  [DataFileSync] flushing diag log
2015-12-31T19:22:05.701+0200 I COMMAND  [DataFileSync] flushing diag log
2015-12-31T19:23:05.701+0200 I COMMAND  [DataFileSync] flushing diag log
2015-12-31T19:24:05.701+0200 I COMMAND  [DataFileSync] flushing diag log
2015-12-31T19:25:05.702+0200 I COMMAND  [DataFileSync] flushing diag log
2015-12-31T19:26:05.703+0200 I COMMAND  [DataFileSync] flushing diag log
2015-12-31T19:27:05.704+0200 I COMMAND  [DataFileSync] flushing diag log
2015-12-31T19:28:05.709+0200 I COMMAND  [DataFileSync] flushing diag log
2015-12-31T19:29:05.710+0200 I COMMAND  [DataFileSync] flushing diag log
2015-12-31T19:30:05.711+0200 I COMMAND  [DataFileSync] flushing diag log
2015-12-31T19:31:05.710+0200 I COMMAND  [DataFileSync] flushing diag log
2015-12-31T19:32:05.716+0200 I COMMAND  [DataFileSync] flushing diag log
2015-12-31T19:33:05.715+0200 I COMMAND  [DataFileSync] flushing diag log
2015-12-31T19:34:05.714+0200 I COMMAND  [DataFileSync] flushing diag log
2015-12-31T19:35:05.715+0200 I COMMAND  [DataFileSync] flushing diag log
2015-12-31T19:36:05.721+0200 I COMMAND  [DataFileSync] flushing diag log
2015-12-31T19:37:05.719+0200 I COMMAND  [DataFileSync] flushing diag log
2015-12-31T19:38:05.718+0200 I COMMAND  [DataFileSync] flushing diag log
2015-12-31T19:39:05.719+0200 I COMMAND  [DataFileSync] flushing diag log
2015-12-31T19:40:05.723+0200 I COMMAND  [DataFileSync] flushing diag log
2015-12-31T19:41:05.722+0200 I COMMAND  [DataFileSync] flushing diag log
2015-12-31T19:42:05.721+0200 I COMMAND  [DataFileSync] flushing diag log
2015-12-31T19:43:05.726+0200 I COMMAND  [DataFileSync] flushing diag log
2015-12-31T19:44:05.726+0200 I COMMAND  [DataFileSync] flushing diag log
2015-12-31T19:45:05.731+0200 I COMMAND  [DataFileSync] flushing diag log
2015-12-31T19:46:05.741+0200 I COMMAND  [DataFileSync] flushing diag log
2015-12-31T19:47:05.728+0200 I COMMAND  [DataFileSync] flushing diag log
2015-12-31T19:48:05.730+0200 I COMMAND  [DataFileSync] flushing diag log
2015-12-31T19:49:05.733+0200 I COMMAND  [DataFileSync] flushing diag log
2015-12-31T19:50:05.732+0200 I COMMAND  [DataFileSync] flushing diag log
2015-12-31T19:51:05.736+0200 I COMMAND  [DataFileSync] flushing diag log
2015-12-31T19:52:05.735+0200 I COMMAND  [DataFileSync] flushing diag log
2015-12-31T19:53:05.738+0200 I COMMAND  [DataFileSync] flushing diag log
2016-01-01T20:14:37.780+0200 I COMMAND  [DataFileSync] flushing diag log
2016-01-01T20:15:37.775+0200 I COMMAND  [DataFileSync] flushing diag log
2016-01-01T20:16:37.776+0200 I COMMAND  [DataFileSync] flushing diag log
2016-01-01T20:17:37.778+0200 I COMMAND  [DataFileSync] flushing diag log
2016-01-01T20:18:37.795+0200 I COMMAND  [DataFileSync] flushing diag log
2016-01-01T20:19:37.783+0200 I COMMAND  [DataFileSync] flushing diag log
2016-01-01T20:20:37.815+0200 I COMMAND  [DataFileSync] flushing diag log
2016-01-01T20:21:37.780+0200 I COMMAND  [DataFileSync] flushing diag log
2016-01-01T20:22:37.789+0200 I COMMAND  [DataFileSync] flushing diag log
2016-01-01T20:23:37.785+0200 I COMMAND  [DataFileSync] flushing diag log
2016-01-01T20:24:37.786+0200 I COMMAND  [DataFileSync] flushing diag log
2016-01-01T20:25:37.784+0200 I COMMAND  [DataFileSync] flushing diag log
2016-01-01T20:26:37.794+0200 I COMMAND  [DataFileSync] flushing diag log
2016-01-01T20:27:37.787+0200 I COMMAND  [DataFileSync] flushing diag log
2016-01-01T20:28:37.788+0200 I COMMAND  [DataFileSync] flushing diag log
2016-01-01T20:29:37.792+0200 I COMMAND  [DataFileSync] flushing diag log
2016-01-01T20:30:37.793+0200 I COMMAND  [DataFileSync] flushing diag log
2016-01-01T20:31:37.797+0200 I COMMAND  [DataFileSync] flushing diag log
2016-01-01T20:32:37.798+0200 I COMMAND  [DataFileSync] flushing diag log
2016-01-01T20:33:37.798+0200 I COMMAND  [DataFileSync] flushing diag log
2016-01-01T20:34:37.799+0200 I COMMAND  [DataFileSync] flushing diag log
2016-01-01T20:35:37.804+0200 I COMMAND  [DataFileSync] flushing diag log
2016-01-01T20:36:37.809+0200 I COMMAND  [DataFileSync] flushing diag log
2016-01-01T20:43:54.307+0200 I COMMAND  [DataFileSync] flushing diag log
2016-01-01T20:44:54.301+0200 I COMMAND  [DataFileSync] flushing diag log
2016-01-01T20:45:54.310+0200 I COMMAND  [DataFileSync] flushing diag log
2016-01-01T20:46:54.305+0200 I COMMAND  [DataFileSync] flushing diag log
2016-01-01T20:58:43.370+0200 I COMMAND  [DataFileSync] flushing diag log
2016-01-01T20:59:43.364+0200 I COMMAND  [DataFileSync] flushing diag log
2016-01-01T21:00:43.380+0200 I COMMAND  [DataFileSync] flushing diag log
2016-01-01T21:01:43.372+0200 I COMMAND  [DataFileSync] flushing diag log
2016-01-01T21:02:43.367+0200 I COMMAND  [DataFileSync] flushing diag log
2016-01-01T21:03:43.369+0200 I COMMAND  [DataFileSync] flushing diag log
2016-01-01T21:04:43.370+0200 I COMMAND  [DataFileSync] flushing diag log
2016-01-01T21:05:43.369+0200 I COMMAND  [DataFileSync] flushing diag log
2016-01-01T21:06:43.370+0200 I COMMAND  [DataFileSync] flushing diag log
2016-01-01T21:07:43.374+0200 I COMMAND  [DataFileSync] flushing diag log
2016-01-01T21:08:43.373+0200 I COMMAND  [DataFileSync] flushing diag log
2016-01-01T21:09:43.375+0200 I COMMAND  [DataFileSync] flushing diag log
2016-01-01T21:10:43.383+0200 I COMMAND  [DataFileSync] flushing diag log
2016-01-01T21:11:43.377+0200 I COMMAND  [DataFileSync] flushing diag log
2016-01-01T21:12:43.380+0200 I COMMAND  [DataFileSync] flushing diag log
2016-01-01T21:13:43.392+0200 I COMMAND  [DataFileSync] flushing diag log
2016-01-01T21:14:43.382+0200 I COMMAND  [DataFileSync] flushing diag log
2016-01-01T21:15:43.386+0200 I COMMAND  [DataFileSync] flushing diag log
2016-01-01T21:16:43.388+0200 I COMMAND  [DataFileSync] flushing diag log
2016-01-01T21:17:43.394+0200 I COMMAND  [DataFileSync] flushing diag log
2016-01-01T21:18:43.388+0200 I COMMAND  [DataFileSync] flushing diag log
2016-01-01T21:19:43.391+0200 I COMMAND  [DataFileSync] flushing diag log
2016-01-01T21:20:43.390+0200 I COMMAND  [DataFileSync] flushing diag log
2016-01-01T21:21:43.399+0200 I COMMAND  [DataFileSync] flushing diag log
2016-01-01T21:22:43.400+0200 I COMMAND  [DataFileSync] flushing diag log
2016-01-01T21:23:43.390+0200 I COMMAND  [DataFileSync] flushing diag log
2016-01-01T21:24:43.396+0200 I COMMAND  [DataFileSync] flushing diag log
2016-01-01T21:25:43.397+0200 I COMMAND  [DataFileSync] flushing diag log
2016-01-01T21:26:43.401+0200 I COMMAND  [DataFileSync] flushing diag log
2016-01-01T21:27:43.412+0200 I COMMAND  [DataFileSync] flushing diag log
2016-01-01T21:28:43.409+0200 I COMMAND  [DataFileSync] flushing diag log
2016-01-01T21:29:43.403+0200 I COMMAND  [DataFileSync] flushing diag log
2016-01-01T21:30:43.405+0200 I COMMAND  [DataFileSync] flushing diag log
2016-01-01T21:31:43.434+0200 I COMMAND  [DataFileSync] flushing diag log
2016-01-01T21:32:43.402+0200 I COMMAND  [DataFileSync] flushing diag log
2016-01-01T21:33:43.406+0200 I COMMAND  [DataFileSync] flushing diag log
2016-01-01T21:34:43.411+0200 I COMMAND  [DataFileSync] flushing diag log
2016-01-01T21:35:43.404+0200 I COMMAND  [DataFileSync] flushing diag log
2016-01-01T21:36:44.545+0200 I COMMAND  [DataFileSync] flushing diag log
2016-01-01T21:37:43.408+0200 I COMMAND  [DataFileSync] flushing diag log
2016-01-01T21:38:43.408+0200 I COMMAND  [DataFileSync] flushing diag log
2016-01-01T21:39:43.408+0200 I COMMAND  [DataFileSync] flushing diag log
2016-01-01T21:40:43.414+0200 I COMMAND  [DataFileSync] flushing diag log
2016-01-01T21:41:43.413+0200 I COMMAND  [DataFileSync] flushing diag log
2016-01-01T21:42:43.483+0200 I COMMAND  [DataFileSync] flushing diag log
2016-01-01T21:43:43.426+0200 I COMMAND  [DataFileSync] flushing diag log
2016-01-01T21:44:43.429+0200 I COMMAND  [DataFileSync] flushing diag log
2016-01-01T21:45:43.437+0200 I COMMAND  [DataFileSync] flushing diag log
2016-01-01T21:46:43.434+0200 I COMMAND  [DataFileSync] flushing diag log
2016-01-01T21:47:43.435+0200 I COMMAND  [DataFileSync] flushing diag log
2016-01-01T21:48:43.441+0200 I COMMAND  [DataFileSync] flushing diag log
2016-01-01T21:49:43.432+0200 I COMMAND  [DataFileSync] flushing diag log
2016-01-01T21:50:43.436+0200 I COMMAND  [DataFileSync] flushing diag log
2016-01-01T21:51:43.438+0200 I COMMAND  [DataFileSync] flushing diag log
2016-01-01T21:52:43.440+0200 I COMMAND  [DataFileSync] flushing diag log
2016-01-01T21:53:43.441+0200 I COMMAND  [DataFileSync] flushing diag log
2016-01-01T21:54:43.441+0200 I COMMAND  [DataFileSync] flushing diag log
2016-01-01T21:55:43.455+0200 I COMMAND  [DataFileSync] flushing diag log
2016-01-01T21:56:43.448+0200 I COMMAND  [DataFileSync] flushing diag log
2016-01-01T21:57:43.442+0200 I COMMAND  [DataFileSync] flushing diag log
2016-01-01T21:58:43.446+0200 I COMMAND  [DataFileSync] flushing diag log
2016-01-01T21:59:43.447+0200 I COMMAND  [DataFileSync] flushing diag log
2016-01-01T22:00:43.457+0200 I COMMAND  [DataFileSync] flushing diag log
2016-01-01T22:01:43.451+0200 I COMMAND  [DataFileSync] flushing diag log
2016-01-01T22:02:43.453+0200 I COMMAND  [DataFileSync] flushing diag log
2016-01-01T22:03:43.453+0200 I COMMAND  [DataFileSync] flushing diag log
2016-01-01T22:04:43.453+0200 I COMMAND  [DataFileSync] flushing diag log
2016-01-01T22:05:43.455+0200 I COMMAND  [DataFileSync] flushing diag log
2016-01-01T22:06:43.455+0200 I COMMAND  [DataFileSync] flushing diag log
2016-01-01T22:07:43.461+0200 I COMMAND  [DataFileSync] flushing diag log
2016-01-01T22:08:43.459+0200 I COMMAND  [DataFileSync] flushing diag log
2016-01-01T22:09:43.460+0200 I COMMAND  [DataFileSync] flushing diag log
2016-01-01T22:10:43.461+0200 I COMMAND  [DataFileSync] flushing diag log
2016-01-01T22:11:43.463+0200 I COMMAND  [DataFileSync] flushing diag log
2016-01-01T22:12:43.462+0200 I COMMAND  [DataFileSync] flushing diag log
2016-01-01T22:13:43.472+0200 I COMMAND  [DataFileSync] flushing diag log
2016-01-01T22:14:43.463+0200 I COMMAND  [DataFileSync] flushing diag log
2016-01-01T22:15:43.468+0200 I COMMAND  [DataFileSync] flushing diag log
2016-01-01T22:16:43.471+0200 I COMMAND  [DataFileSync] flushing diag log
2016-01-01T22:17:43.467+0200 I COMMAND  [DataFileSync] flushing diag log
2016-01-01T22:18:43.469+0200 I COMMAND  [DataFileSync] flushing diag log
2016-01-01T22:19:43.494+0200 I COMMAND  [DataFileSync] flushing diag log
2016-01-01T22:20:43.476+0200 I COMMAND  [DataFileSync] flushing diag log
2016-01-01T22:21:43.488+0200 I COMMAND  [DataFileSync] flushing diag log
2016-01-01T22:22:43.475+0200 I COMMAND  [DataFileSync] flushing diag log
2016-01-01T22:23:43.482+0200 I COMMAND  [DataFileSync] flushing diag log
2016-01-01T22:24:43.486+0200 I COMMAND  [DataFileSync] flushing diag log
2016-01-01T22:25:43.476+0200 I COMMAND  [DataFileSync] flushing diag log
2016-01-01T22:26:43.479+0200 I COMMAND  [DataFileSync] flushing diag log
2016-01-01T22:27:43.483+0200 I COMMAND  [DataFileSync] flushing diag log
2016-01-01T22:28:43.488+0200 I COMMAND  [DataFileSync] flushing diag log
2016-01-01T22:29:43.482+0200 I COMMAND  [DataFileSync] flushing diag log
2016-01-01T22:30:43.483+0200 I COMMAND  [DataFileSync] flushing diag log
2016-01-01T22:31:43.487+0200 I COMMAND  [DataFileSync] flushing diag log
2016-01-01T22:32:43.486+0200 I COMMAND  [DataFileSync] flushing diag log
2016-01-01T22:33:43.486+0200 I COMMAND  [DataFileSync] flushing diag log
2016-01-01T22:34:43.495+0200 I COMMAND  [DataFileSync] flushing diag log
2016-01-01T22:35:43.495+0200 I COMMAND  [DataFileSync] flushing diag log
2016-01-01T22:36:43.487+0200 I COMMAND  [DataFileSync] flushing diag log
2016-01-01T22:37:43.500+0200 I COMMAND  [DataFileSync] flushing diag log
2016-01-01T22:38:43.492+0200 I COMMAND  [DataFileSync] flushing diag log
2016-01-01T22:39:43.495+0200 I COMMAND  [DataFileSync] flushing diag log
2016-01-01T22:40:43.496+0200 I COMMAND  [DataFileSync] flushing diag log
2016-01-01T22:41:43.510+0200 I COMMAND  [DataFileSync] flushing diag log
2016-01-01T22:42:49.304+0200 I COMMAND  [DataFileSync] flushing diag log
2016-01-01T22:55:02.814+0200 I COMMAND  [DataFileSync] flushing diag log
2016-01-01T22:56:02.807+0200 I COMMAND  [DataFileSync] flushing diag log
2016-01-01T22:57:02.814+0200 I COMMAND  [DataFileSync] flushing diag log
2016-01-01T22:58:02.810+0200 I COMMAND  [DataFileSync] flushing diag log
2016-01-01T22:59:02.815+0200 I COMMAND  [DataFileSync] flushing diag log
2016-01-01T23:00:02.823+0200 I COMMAND  [DataFileSync] flushing diag log
2016-01-01T23:01:02.817+0200 I COMMAND  [DataFileSync] flushing diag log
2016-01-01T23:02:02.818+0200 I COMMAND  [DataFileSync] flushing diag log
2016-01-01T23:03:02.827+0200 I COMMAND  [DataFileSync] flushing diag log
2016-01-01T23:04:02.823+0200 I COMMAND  [DataFileSync] flushing diag log
2016-01-01T23:05:02.823+0200 I COMMAND  [DataFileSync] flushing diag log
2016-01-01T23:06:02.823+0200 I COMMAND  [DataFileSync] flushing diag log
2016-01-01T23:07:02.833+0200 I COMMAND  [DataFileSync] flushing diag log
2016-01-01T23:08:02.829+0200 I COMMAND  [DataFileSync] flushing diag log
2016-01-01T23:09:02.830+0200 I COMMAND  [DataFileSync] flushing diag log
2016-01-01T23:10:02.829+0200 I COMMAND  [DataFileSync] flushing diag log
2016-01-01T23:11:02.829+0200 I COMMAND  [DataFileSync] flushing diag log
2016-01-01T23:12:02.827+0200 I COMMAND  [DataFileSync] flushing diag log
2016-01-01T23:13:02.832+0200 I COMMAND  [DataFileSync] flushing diag log
2016-01-01T23:14:02.841+0200 I COMMAND  [DataFileSync] flushing diag log
2016-01-01T23:15:02.831+0200 I COMMAND  [DataFileSync] flushing diag log
2016-01-01T23:16:02.832+0200 I COMMAND  [DataFileSync] flushing diag log
2016-01-01T23:17:02.834+0200 I COMMAND  [DataFileSync] flushing diag log
2016-01-01T23:18:02.835+0200 I COMMAND  [DataFileSync] flushing diag log
2016-01-01T23:19:02.837+0200 I COMMAND  [DataFileSync] flushing diag log
2016-01-01T23:20:02.842+0200 I COMMAND  [DataFileSync] flushing diag log
2016-01-01T23:21:02.838+0200 I COMMAND  [DataFileSync] flushing diag log
2016-01-01T23:22:02.842+0200 I COMMAND  [DataFileSync] flushing diag log
2016-01-01T23:23:02.841+0200 I COMMAND  [DataFileSync] flushing diag log
2016-01-01T23:24:02.842+0200 I COMMAND  [DataFileSync] flushing diag log
2016-01-01T23:25:02.845+0200 I COMMAND  [DataFileSync] flushing diag log
2016-01-01T23:26:02.843+0200 I COMMAND  [DataFileSync] flushing diag log
2016-01-01T23:27:02.849+0200 I COMMAND  [DataFileSync] flushing diag log
2016-01-01T23:28:02.854+0200 I COMMAND  [DataFileSync] flushing diag log
2016-01-01T23:29:02.849+0200 I COMMAND  [DataFileSync] flushing diag log
2016-01-01T23:30:02.851+0200 I COMMAND  [DataFileSync] flushing diag log
2016-01-01T23:31:02.856+0200 I COMMAND  [DataFileSync] flushing diag log
2016-01-01T23:32:02.854+0200 I COMMAND  [DataFileSync] flushing diag log
2016-01-01T23:33:02.855+0200 I COMMAND  [DataFileSync] flushing diag log
2016-01-01T23:34:02.857+0200 I COMMAND  [DataFileSync] flushing diag log
2016-01-01T23:35:02.863+0200 I COMMAND  [DataFileSync] flushing diag log
2016-01-01T23:36:02.861+0200 I COMMAND  [DataFileSync] flushing diag log
2016-01-01T23:37:02.871+0200 I COMMAND  [DataFileSync] flushing diag log
2016-01-01T23:38:02.864+0200 I COMMAND  [DataFileSync] flushing diag log
2016-01-01T23:39:02.865+0200 I COMMAND  [DataFileSync] flushing diag log
2016-01-01T23:40:02.866+0200 I COMMAND  [DataFileSync] flushing diag log
2016-01-01T23:41:02.867+0200 I COMMAND  [DataFileSync] flushing diag log
2016-01-01T23:42:02.866+0200 I COMMAND  [DataFileSync] flushing diag log
2016-01-01T23:43:02.869+0200 I COMMAND  [DataFileSync] flushing diag log
2016-01-01T23:44:02.871+0200 I COMMAND  [DataFileSync] flushing diag log
2016-01-01T23:45:02.869+0200 I COMMAND  [DataFileSync] flushing diag log
2016-01-01T23:46:02.870+0200 I COMMAND  [DataFileSync] flushing diag log
2016-01-01T23:47:02.874+0200 I COMMAND  [DataFileSync] flushing diag log
2016-01-01T23:48:02.872+0200 I COMMAND  [DataFileSync] flushing diag log
2016-01-01T23:49:02.875+0200 I COMMAND  [DataFileSync] flushing diag log
2016-01-01T23:50:02.877+0200 I COMMAND  [DataFileSync] flushing diag log
2016-01-01T23:51:02.876+0200 I COMMAND  [DataFileSync] flushing diag log
2016-01-01T23:52:02.884+0200 I COMMAND  [DataFileSync] flushing diag log
2016-01-01T23:53:02.879+0200 I COMMAND  [DataFileSync] flushing diag log
2016-01-01T23:54:02.881+0200 I COMMAND  [DataFileSync] flushing diag log
2016-01-01T23:55:02.888+0200 I COMMAND  [DataFileSync] flushing diag log
2016-01-01T23:56:02.884+0200 I COMMAND  [DataFileSync] flushing diag log
2016-01-01T23:57:02.886+0200 I COMMAND  [DataFileSync] flushing diag log
2016-01-01T23:58:02.891+0200 I COMMAND  [DataFileSync] flushing diag log
2016-01-01T23:59:02.896+0200 I COMMAND  [DataFileSync] flushing diag log
2016-01-02T00:00:02.887+0200 I COMMAND  [DataFileSync] flushing diag log
2016-01-02T00:01:02.898+0200 I COMMAND  [DataFileSync] flushing diag log
2016-01-02T00:02:02.887+0200 I COMMAND  [DataFileSync] flushing diag log
2016-01-02T00:03:02.897+0200 I COMMAND  [DataFileSync] flushing diag log
2016-01-02T00:04:02.892+0200 I COMMAND  [DataFileSync] flushing diag log
2016-01-02T00:05:02.892+0200 I COMMAND  [DataFileSync] flushing diag log
2016-01-02T00:06:02.897+0200 I COMMAND  [DataFileSync] flushing diag log
2016-01-02T00:07:02.895+0200 I COMMAND  [DataFileSync] flushing diag log
2016-01-02T00:08:02.895+0200 I COMMAND  [DataFileSync] flushing diag log
2016-01-02T00:09:02.899+0200 I COMMAND  [DataFileSync] flushing diag log
2016-01-02T00:10:02.899+0200 I COMMAND  [DataFileSync] flushing diag log
2016-01-02T00:11:02.898+0200 I COMMAND  [DataFileSync] flushing diag log
2016-01-02T00:12:02.903+0200 I COMMAND  [DataFileSync] flushing diag log
2016-01-02T00:13:02.900+0200 I COMMAND  [DataFileSync] flushing diag log
2016-01-02T00:14:02.902+0200 I COMMAND  [DataFileSync] flushing diag log
2016-01-02T00:15:02.901+0200 I COMMAND  [DataFileSync] flushing diag log
2016-01-02T00:16:02.908+0200 I COMMAND  [DataFileSync] flushing diag log
2016-01-02T00:17:02.903+0200 I COMMAND  [DataFileSync] flushing diag log
2016-01-02T00:18:02.914+0200 I COMMAND  [DataFileSync] flushing diag log
2016-01-02T00:19:02.906+0200 I COMMAND  [DataFileSync] flushing diag log
2016-01-02T00:20:02.918+0200 I COMMAND  [DataFileSync] flushing diag log
2016-01-02T00:21:02.909+0200 I COMMAND  [DataFileSync] flushing diag log
2016-01-02T00:22:02.916+0200 I COMMAND  [DataFileSync] flushing diag log
2016-01-02T00:23:02.912+0200 I COMMAND  [DataFileSync] flushing diag log
2016-01-02T00:24:02.911+0200 I COMMAND  [DataFileSync] flushing diag log
2016-01-02T00:25:02.913+0200 I COMMAND  [DataFileSync] flushing diag log
2016-01-02T00:26:02.912+0200 I COMMAND  [DataFileSync] flushing diag log
2016-01-02T00:27:02.918+0200 I COMMAND  [DataFileSync] flushing diag log
2016-01-02T00:28:02.919+0200 I COMMAND  [DataFileSync] flushing diag log
2016-01-02T00:29:02.921+0200 I COMMAND  [DataFileSync] flushing diag log
2016-01-02T00:30:02.922+0200 I COMMAND  [DataFileSync] flushing diag log
2016-01-02T00:31:02.920+0200 I COMMAND  [DataFileSync] flushing diag log
2016-01-02T00:32:02.922+0200 I COMMAND  [DataFileSync] flushing diag log
2016-01-02T00:33:02.932+0200 I COMMAND  [DataFileSync] flushing diag log
2016-01-02T00:34:02.923+0200 I COMMAND  [DataFileSync] flushing diag log
2016-01-02T00:35:02.932+0200 I COMMAND  [DataFileSync] flushing diag log
2016-01-02T00:36:02.929+0200 I COMMAND  [DataFileSync] flushing diag log
2016-01-02T00:37:02.930+0200 I COMMAND  [DataFileSync] flushing diag log
2016-01-02T00:38:02.928+0200 I COMMAND  [DataFileSync] flushing diag log
2016-01-02T00:39:02.937+0200 I COMMAND  [DataFileSync] flushing diag log
2016-01-02T00:40:02.937+0200 I COMMAND  [DataFileSync] flushing diag log
2016-01-02T00:41:02.930+0200 I COMMAND  [DataFileSync] flushing diag log
2016-01-02T00:42:02.933+0200 I COMMAND  [DataFileSync] flushing diag log
2016-01-02T00:43:02.937+0200 I COMMAND  [DataFileSync] flushing diag log
2016-01-02T00:44:02.936+0200 I COMMAND  [DataFileSync] flushing diag log
2016-01-02T00:45:02.944+0200 I COMMAND  [DataFileSync] flushing diag log
2016-01-02T00:46:02.940+0200 I COMMAND  [DataFileSync] flushing diag log
2016-01-02T00:47:02.947+0200 I COMMAND  [DataFileSync] flushing diag log
2016-01-02T00:48:02.940+0200 I COMMAND  [DataFileSync] flushing diag log
2016-01-02T00:49:02.941+0200 I COMMAND  [DataFileSync] flushing diag log
2016-01-02T00:50:02.943+0200 I COMMAND  [DataFileSync] flushing diag log
2016-01-02T00:51:02.945+0200 I COMMAND  [DataFileSync] flushing diag log
2016-01-02T00:52:02.946+0200 I COMMAND  [DataFileSync] flushing diag log
2016-01-02T00:53:02.953+0200 I COMMAND  [DataFileSync] flushing diag log
2016-01-02T00:54:02.947+0200 I COMMAND  [DataFileSync] flushing diag log
2016-01-02T00:55:02.948+0200 I COMMAND  [DataFileSync] flushing diag log
2016-01-02T00:56:02.950+0200 I COMMAND  [DataFileSync] flushing diag log
2016-01-02T00:57:02.954+0200 I COMMAND  [DataFileSync] flushing diag log
2016-01-02T00:58:02.951+0200 I COMMAND  [DataFileSync] flushing diag log
2016-01-02T00:59:02.951+0200 I COMMAND  [DataFileSync] flushing diag log
2016-01-02T01:00:02.957+0200 I COMMAND  [DataFileSync] flushing diag log
2016-01-02T01:01:02.954+0200 I COMMAND  [DataFileSync] flushing diag log
2016-01-02T01:02:02.953+0200 I COMMAND  [DataFileSync] flushing diag log
2016-01-02T01:03:02.956+0200 I COMMAND  [DataFileSync] flushing diag log
2016-01-02T01:04:02.955+0200 I COMMAND  [DataFileSync] flushing diag log
2016-01-02T01:05:02.957+0200 I COMMAND  [DataFileSync] flushing diag log
2016-01-02T01:06:02.959+0200 I COMMAND  [DataFileSync] flushing diag log
2016-01-02T01:07:02.967+0200 I COMMAND  [DataFileSync] flushing diag log
2016-01-02T01:08:02.958+0200 I COMMAND  [DataFileSync] flushing diag log
2016-01-02T01:09:02.962+0200 I COMMAND  [DataFileSync] flushing diag log
2016-01-02T01:10:02.962+0200 I COMMAND  [DataFileSync] flushing diag log
2016-01-02T01:11:02.963+0200 I COMMAND  [DataFileSync] flushing diag log
2016-01-02T01:12:02.965+0200 I COMMAND  [DataFileSync] flushing diag log
2016-01-02T01:13:02.970+0200 I COMMAND  [DataFileSync] flushing diag log
2016-01-02T01:14:02.968+0200 I COMMAND  [DataFileSync] flushing diag log
2016-01-02T01:15:02.970+0200 I COMMAND  [DataFileSync] flushing diag log
2016-01-02T01:16:02.979+0200 I COMMAND  [DataFileSync] flushing diag log
2016-01-02T01:17:02.980+0200 I COMMAND  [DataFileSync] flushing diag log
2016-01-02T01:18:02.978+0200 I COMMAND  [DataFileSync] flushing diag log
2016-01-02T01:19:02.973+0200 I COMMAND  [DataFileSync] flushing diag log
2016-01-02T01:20:02.974+0200 I COMMAND  [DataFileSync] flushing diag log
2016-01-02T01:21:02.978+0200 I COMMAND  [DataFileSync] flushing diag log
2016-01-02T01:22:02.976+0200 I COMMAND  [DataFileSync] flushing diag log
2016-01-02T01:23:02.978+0200 I COMMAND  [DataFileSync] flushing diag log
2016-01-02T01:24:02.979+0200 I COMMAND  [DataFileSync] flushing diag log
2016-01-02T01:25:02.981+0200 I COMMAND  [DataFileSync] flushing diag log
2016-01-02T01:26:02.982+0200 I COMMAND  [DataFileSync] flushing diag log
2016-01-02T01:27:02.984+0200 I COMMAND  [DataFileSync] flushing diag log
2016-01-02T01:28:02.985+0200 I COMMAND  [DataFileSync] flushing diag log
2016-01-02T01:29:02.986+0200 I COMMAND  [DataFileSync] flushing diag log
2016-01-02T01:30:02.998+0200 I COMMAND  [DataFileSync] flushing diag log
2016-01-02T01:31:02.990+0200 I COMMAND  [DataFileSync] flushing diag log
2016-01-02T01:32:02.990+0200 I COMMAND  [DataFileSync] flushing diag log
2016-01-02T01:33:02.995+0200 I COMMAND  [DataFileSync] flushing diag log
2016-01-02T01:34:02.994+0200 I COMMAND  [DataFileSync] flushing diag log
2016-01-02T01:35:02.995+0200 I COMMAND  [DataFileSync] flushing diag log
2016-01-02T01:36:02.994+0200 I COMMAND  [DataFileSync] flushing diag log
2016-01-02T01:37:02.999+0200 I COMMAND  [DataFileSync] flushing diag log
2016-01-02T01:38:02.997+0200 I COMMAND  [DataFileSync] flushing diag log
2016-01-02T01:39:03.002+0200 I COMMAND  [DataFileSync] flushing diag log
2016-01-02T01:40:03.001+0200 I COMMAND  [DataFileSync] flushing diag log
2016-01-02T01:41:03.003+0200 I COMMAND  [DataFileSync] flushing diag log
2016-01-02T01:42:03.005+0200 I COMMAND  [DataFileSync] flushing diag log
2016-01-02T01:43:03.010+0200 I COMMAND  [DataFileSync] flushing diag log
2016-01-02T01:44:03.007+0200 I COMMAND  [DataFileSync] flushing diag log
2016-01-02T01:45:03.010+0200 I COMMAND  [DataFileSync] flushing diag log
2016-01-02T01:46:03.020+0200 I COMMAND  [DataFileSync] flushing diag log
2016-01-02T01:47:03.019+0200 I COMMAND  [DataFileSync] flushing diag log
2016-01-02T01:48:03.027+0200 I COMMAND  [DataFileSync] flushing diag log
2016-01-02T01:49:03.020+0200 I COMMAND  [DataFileSync] flushing diag log
2016-01-02T01:50:03.045+0200 I COMMAND  [DataFileSync] flushing diag log
2016-01-02T01:51:03.024+0200 I COMMAND  [DataFileSync] flushing diag log
2016-01-02T01:52:03.019+0200 I COMMAND  [DataFileSync] flushing diag log
2016-01-02T01:53:03.026+0200 I COMMAND  [DataFileSync] flushing diag log
2016-01-02T01:54:03.043+0200 I COMMAND  [DataFileSync] flushing diag log
2016-01-02T01:55:03.023+0200 I COMMAND  [DataFileSync] flushing diag log
2016-01-02T01:56:03.024+0200 I COMMAND  [DataFileSync] flushing diag log
2016-01-02T01:57:03.033+0200 I COMMAND  [DataFileSync] flushing diag log
2016-01-02T01:58:03.037+0200 I COMMAND  [DataFileSync] flushing diag log
2016-01-02T01:59:03.028+0200 I COMMAND  [DataFileSync] flushing diag log
2016-01-02T02:00:03.035+0200 I COMMAND  [DataFileSync] flushing diag log
2016-01-02T02:01:03.045+0200 I COMMAND  [DataFileSync] flushing diag log
2016-01-02T02:02:03.045+0200 I COMMAND  [DataFileSync] flushing diag log
2016-01-02T02:03:03.058+0200 I COMMAND  [DataFileSync] flushing diag log
2016-01-02T02:04:03.054+0200 I COMMAND  [DataFileSync] flushing diag log
2016-01-02T02:05:03.055+0200 I COMMAND  [DataFileSync] flushing diag log
2016-01-02T02:06:03.053+0200 I COMMAND  [DataFileSync] flushing diag log
2016-01-02T02:07:03.049+0200 I COMMAND  [DataFileSync] flushing diag log
2016-01-02T02:08:03.048+0200 I COMMAND  [DataFileSync] flushing diag log
2016-01-02T02:09:03.049+0200 I COMMAND  [DataFileSync] flushing diag log
2016-01-02T02:10:03.054+0200 I COMMAND  [DataFileSync] flushing diag log
2016-01-02T02:11:03.057+0200 I COMMAND  [DataFileSync] flushing diag log
2016-01-02T02:12:03.064+0200 I COMMAND  [DataFileSync] flushing diag log
2016-01-02T02:13:03.058+0200 I COMMAND  [DataFileSync] flushing diag log
2016-01-02T02:14:03.108+0200 I COMMAND  [DataFileSync] flushing diag log
2016-01-02T02:15:03.057+0200 I COMMAND  [DataFileSync] flushing diag log
2016-01-02T02:16:03.059+0200 I COMMAND  [DataFileSync] flushing diag log
2016-01-02T02:17:03.064+0200 I COMMAND  [DataFileSync] flushing diag log
2016-01-02T02:18:03.072+0200 I COMMAND  [DataFileSync] flushing diag log
2016-01-02T02:19:03.068+0200 I COMMAND  [DataFileSync] flushing diag log
2016-01-02T02:20:03.071+0200 I COMMAND  [DataFileSync] flushing diag log
2016-01-02T02:21:03.078+0200 I COMMAND  [DataFileSync] flushing diag log
2016-01-02T02:22:03.071+0200 I COMMAND  [DataFileSync] flushing diag log
2016-01-02T02:23:03.073+0200 I COMMAND  [DataFileSync] flushing diag log
2016-01-02T02:24:03.108+0200 I COMMAND  [DataFileSync] flushing diag log
2016-01-02T02:25:03.105+0200 I COMMAND  [DataFileSync] flushing diag log
2016-01-02T02:26:03.085+0200 I COMMAND  [DataFileSync] flushing diag log
2016-01-02T02:27:03.081+0200 I COMMAND  [DataFileSync] flushing diag log
2016-01-02T02:28:03.080+0200 I COMMAND  [DataFileSync] flushing diag log
2016-01-02T02:29:03.084+0200 I COMMAND  [DataFileSync] flushing diag log
2016-01-02T02:30:03.092+0200 I COMMAND  [DataFileSync] flushing diag log
2016-01-02T02:31:03.085+0200 I COMMAND  [DataFileSync] flushing diag log
2016-01-02T02:32:03.101+0200 I COMMAND  [DataFileSync] flushing diag log
2016-01-02T02:33:03.089+0200 I COMMAND  [DataFileSync] flushing diag log
2016-01-02T02:34:03.087+0200 I COMMAND  [DataFileSync] flushing diag log
2016-01-02T02:35:03.091+0200 I COMMAND  [DataFileSync] flushing diag log
2016-01-02T02:36:03.099+0200 I COMMAND  [DataFileSync] flushing diag log
2016-01-02T02:37:03.093+0200 I COMMAND  [DataFileSync] flushing diag log
2016-01-02T02:38:03.092+0200 I COMMAND  [DataFileSync] flushing diag log
2016-01-02T02:39:03.093+0200 I COMMAND  [DataFileSync] flushing diag log
2016-01-02T02:40:03.098+0200 I COMMAND  [DataFileSync] flushing diag log
2016-01-02T02:41:03.095+0200 I COMMAND  [DataFileSync] flushing diag log
2016-01-02T02:42:03.096+0200 I COMMAND  [DataFileSync] flushing diag log
2016-01-02T02:43:03.097+0200 I COMMAND  [DataFileSync] flushing diag log
2016-01-02T02:44:03.101+0200 I COMMAND  [DataFileSync] flushing diag log
2016-01-02T02:45:03.107+0200 I COMMAND  [DataFileSync] flushing diag log
2016-01-02T02:46:03.097+0200 I COMMAND  [DataFileSync] flushing diag log
2016-01-02T02:47:03.103+0200 I COMMAND  [DataFileSync] flushing diag log
2016-01-02T02:48:03.101+0200 I COMMAND  [DataFileSync] flushing diag log
2016-01-02T02:49:03.103+0200 I COMMAND  [DataFileSync] flushing diag log
2016-01-02T02:50:03.111+0200 I COMMAND  [DataFileSync] flushing diag log
2016-01-02T02:51:03.104+0200 I COMMAND  [DataFileSync] flushing diag log
2016-01-02T02:52:03.121+0200 I COMMAND  [DataFileSync] flushing diag log
2016-01-02T02:53:03.106+0200 I COMMAND  [DataFileSync] flushing diag log
2016-01-02T02:54:03.108+0200 I COMMAND  [DataFileSync] flushing diag log
2016-01-02T02:54:47.799+0200 I NETWORK  [initandlisten] connection accepted from 127.0.0.1:62330 #21 (7 connections now open)
2016-01-02T02:54:47.913+0200 I NETWORK  [initandlisten] connection accepted from 127.0.0.1:62331 #22 (8 connections now open)
2016-01-02T02:55:03.110+0200 I COMMAND  [DataFileSync] flushing diag log
2016-01-02T02:56:03.119+0200 I COMMAND  [DataFileSync] flushing diag log
2016-01-02T02:57:03.117+0200 I COMMAND  [DataFileSync] flushing diag log
2016-01-02T02:57:57.173+0200 I NETWORK  [initandlisten] connection accepted from 127.0.0.1:63428 #23 (9 connections now open)
2016-01-02T02:57:57.182+0200 I NETWORK  [initandlisten] connection accepted from 127.0.0.1:63429 #24 (10 connections now open)
2016-01-02T02:57:59.533+0200 I NETWORK  [initandlisten] connection accepted from 127.0.0.1:63445 #25 (11 connections now open)
2016-01-02T02:57:59.539+0200 I NETWORK  [initandlisten] connection accepted from 127.0.0.1:63446 #26 (12 connections now open)
2016-01-02T02:58:03.116+0200 I COMMAND  [DataFileSync] flushing diag log
2016-01-02T02:59:03.118+0200 I COMMAND  [DataFileSync] flushing diag log
2016-01-02T03:00:03.118+0200 I COMMAND  [DataFileSync] flushing diag log
2016-01-02T03:01:03.123+0200 I COMMAND  [DataFileSync] flushing diag log
2016-01-02T03:02:03.120+0200 I COMMAND  [DataFileSync] flushing diag log
2016-01-02T03:03:03.128+0200 I COMMAND  [DataFileSync] flushing diag log
2016-01-02T03:03:48.915+0200 I NETWORK  [conn11] end connection 127.0.0.1:60824 (11 connections now open)
2016-01-02T03:03:48.915+0200 I NETWORK  [conn23] end connection 127.0.0.1:63428 (11 connections now open)
2016-01-02T03:03:48.915+0200 I NETWORK  [conn24] end connection 127.0.0.1:63429 (11 connections now open)
2016-01-02T03:03:48.915+0200 I NETWORK  [conn26] end connection 127.0.0.1:63446 (11 connections now open)
2016-01-02T03:03:48.915+0200 I NETWORK  [conn25] end connection 127.0.0.1:63445 (11 connections now open)
2016-01-02T03:03:48.915+0200 I NETWORK  [conn12] end connection 127.0.0.1:60836 (11 connections now open)
2016-01-02T03:03:48.915+0200 I NETWORK  [conn21] end connection 127.0.0.1:62330 (11 connections now open)
2016-01-02T03:03:48.915+0200 I NETWORK  [conn22] end connection 127.0.0.1:62331 (11 connections now open)
2016-01-02T03:04:03.134+0200 I COMMAND  [DataFileSync] flushing diag log
2016-01-02T03:04:12.037+0200 I NETWORK  [initandlisten] connection accepted from 127.0.0.1:49175 #27 (5 connections now open)
2016-01-02T03:04:12.129+0200 I NETWORK  [initandlisten] connection accepted from 127.0.0.1:49177 #28 (6 connections now open)
2016-01-02T03:05:03.133+0200 I COMMAND  [DataFileSync] flushing diag log
2016-01-02T03:06:03.128+0200 I COMMAND  [DataFileSync] flushing diag log
2016-01-02T03:07:03.136+0200 I COMMAND  [DataFileSync] flushing diag log
2016-01-02T03:08:03.197+0200 I COMMAND  [DataFileSync] flushing diag log
2016-01-02T03:09:03.246+0200 I COMMAND  [DataFileSync] flushing diag log
2016-01-02T03:10:03.153+0200 I COMMAND  [DataFileSync] flushing diag log
2016-01-02T03:10:42.775+0200 I NETWORK  [initandlisten] connection accepted from 127.0.0.1:51352 #29 (7 connections now open)
2016-01-02T03:10:45.927+0200 I NETWORK  [initandlisten] connection accepted from 127.0.0.1:51371 #30 (8 connections now open)
2016-01-02T03:11:03.167+0200 I COMMAND  [DataFileSync] flushing diag log
